<?xml version="1.0" encoding="UTF-8"?>
<!-- Generated by org.testng.reporters.JUnitReportReporter -->
<testsuite hostname="DESKTOP-6VRIP5K" name="com.training.sanity.tests.RetailChangepassword" tests="1" failures="0" timestamp="27 Nov 2019 04:20:57 GMT" time="39.987" errors="0">
  <testcase name="validRetailTest" time="39.987" classname="com.training.sanity.tests.RetailChangepassword"/>
</testsuite> <!-- com.training.sanity.tests.RetailChangepassword -->
