<?xml version="1.0" encoding="UTF-8"?>
<!-- Generated by org.testng.reporters.JUnitReportReporter -->
<testsuite hostname="DESKTOP-6VRIP5K" name="com.training.sanity.tests.Retail" tests="1" failures="0" timestamp="25 Nov 2019 10:16:26 GMT" time="39.093" errors="0">
  <testcase name="validRetailTest" time="39.093" classname="com.training.sanity.tests.Retail"/>
</testsuite> <!-- com.training.sanity.tests.Retail -->
