<?xml version="1.0" encoding="UTF-8"?>
<!-- Generated by org.testng.reporters.JUnitReportReporter -->
<testsuite hostname="DESKTOP-6VRIP5K" name="com.training.sanity.tests.RetailEditaccount" tests="1" failures="0" timestamp="25 Nov 2019 19:01:36 GMT" time="38.089" errors="0">
  <testcase name="validRetailTest" time="38.089" classname="com.training.sanity.tests.RetailEditaccount"/>
</testsuite> <!-- com.training.sanity.tests.RetailEditaccount -->
