<?xml version="1.0" encoding="UTF-8"?>
<!-- Generated by org.testng.reporters.JUnitReportReporter -->
<testsuite hostname="DESKTOP-6VRIP5K" name="com.training.sanity.tests.RetailEditaccount" tests="1" failures="0" timestamp="26 Nov 2019 04:17:07 GMT" time="28.397" errors="0">
  <testcase name="validRetailTest" time="28.397" classname="com.training.sanity.tests.RetailEditaccount"/>
</testsuite> <!-- com.training.sanity.tests.RetailEditaccount -->
