<?xml version="1.0" encoding="UTF-8"?>
<!-- Generated by org.testng.reporters.JUnitReportReporter -->
<testsuite hostname="DESKTOP-6VRIP5K" name="com.training.sanity.tests.RetailEditaccount" tests="1" failures="0" timestamp="26 Nov 2019 10:46:51 GMT" time="41.354" errors="0">
  <testcase name="validRetailTest" time="41.354" classname="com.training.sanity.tests.RetailEditaccount"/>
</testsuite> <!-- com.training.sanity.tests.RetailEditaccount -->
